# JRE version: Java(TM) SE Runtime Environment (8.0_152-b16) (build 1.8.0_152-b16)
# Java VM: Java HotSpot(TM) 64-Bit Server VM (25.152-b16 mixed mode windows-amd64 compressed oops)
Heap:
 PSYoungGen      total 276480K, used 131847K [0x000000076b100000, 0x000000077e180000, 0x00000007c0000000)
  eden space 253440K, 51% used [0x000000076b100000,0x0000000772f9dd60,0x000000077a880000)
  from space 23040K, 9% used [0x000000077cb00000,0x000000077cd24010,0x000000077e180000)
  to   space 29184K, 0% used [0x000000077a880000,0x000000077a880000,0x000000077c500000)
 ParOldGen       total 239616K, used 68606K [0x00000006c1200000, 0x00000006cfc00000, 0x000000076b100000)
  object space 239616K, 28% used [0x00000006c1200000,0x00000006c54ff9b8,0x00000006cfc00000)
 Metaspace       used 79430K, capacity 83504K, committed 83800K, reserved 1122304K
  class space    used 10571K, capacity 11312K, committed 11392K, reserved 1048576K
GC Heap History (10 events):
Event: 32430.923 GC heap before
{Heap before GC invocations=31 (full 3):
 PSYoungGen      total 312320K, used 311928K [0x000000076b100000, 0x0000000780500000, 0x00000007c0000000)
  eden space 292864K, 100% used [0x000000076b100000,0x000000077cf00000,0x000000077cf00000)
  from space 19456K, 97% used [0x000000077df00000,0x000000077f19e130,0x000000077f200000)
  to   space 19456K, 0% used [0x000000077f200000,0x000000077f200000,0x0000000780500000)
 ParOldGen       total 239616K, used 51761K [0x00000006c1200000, 0x00000006cfc00000, 0x000000076b100000)
  object space 239616K, 21% used [0x00000006c1200000,0x00000006c448c598,0x00000006cfc00000)
 Metaspace       used 79262K, capacity 83376K, committed 83544K, reserved 1122304K
  class space    used 10571K, capacity 11312K, committed 11392K, reserved 1048576K
Event: 32431.042 GC heap after
Heap after GC invocations=31 (full 3):
 PSYoungGen      total 303616K, used 19160K [0x000000076b100000, 0x0000000780500000, 0x00000007c0000000)
  eden space 284160K, 0% used [0x000000076b100000,0x000000076b100000,0x000000077c680000)
  from space 19456K, 98% used [0x000000077f200000,0x00000007804b6150,0x0000000780500000)
  to   space 27136K, 0% used [0x000000077d000000,0x000000077d000000,0x000000077ea80000)
 ParOldGen       total 239616K, used 51769K [0x00000006c1200000, 0x00000006cfc00000, 0x000000076b100000)
  object space 239616K, 21% used [0x00000006c1200000,0x00000006c448e598,0x00000006cfc00000)
 Metaspace       used 79262K, capacity 83376K, committed 83544K, reserved 1122304K
  class space    used 10571K, capacity 11312K, committed 11392K, reserved 1048576K
}
Event: 35363.701 GC heap before
{Heap before GC invocations=32 (full 3):
 PSYoungGen      total 303616K, used 303320K [0x000000076b100000, 0x0000000780500000, 0x00000007c0000000)
  eden space 284160K, 100% used [0x000000076b100000,0x000000077c680000,0x000000077c680000)
  from space 19456K, 98% used [0x000000077f200000,0x00000007804b6150,0x0000000780500000)
  to   space 27136K, 0% used [0x000000077d000000,0x000000077d000000,0x000000077ea80000)
 ParOldGen       total 239616K, used 51769K [0x00000006c1200000, 0x00000006cfc00000, 0x000000076b100000)
  object space 239616K, 21% used [0x00000006c1200000,0x00000006c448e598,0x00000006cfc00000)
 Metaspace       used 79324K, capacity 83440K, committed 83544K, reserved 1122304K
  class space    used 10571K, capacity 11312K, committed 11392K, reserved 1048576K
Event: 35363.837 GC heap after
Heap after GC invocations=32 (full 3):
 PSYoungGen      total 294912K, used 18864K [0x000000076b100000, 0x000000077f280000, 0x00000007c0000000)
  eden space 275968K, 0% used [0x000000076b100000,0x000000076b100000,0x000000077be80000)
  from space 18944K, 99% used [0x000000077d000000,0x000000077e26c150,0x000000077e280000)
  to   space 16384K, 0% used [0x000000077e280000,0x000000077e280000,0x000000077f280000)
 ParOldGen       total 239616K, used 51777K [0x00000006c1200000, 0x00000006cfc00000, 0x000000076b100000)
  object space 239616K, 21% used [0x00000006c1200000,0x00000006c4490598,0x00000006cfc00000)
 Metaspace       used 79324K, capacity 83440K, committed 83544K, reserved 1122304K
  class space    used 10571K, capacity 11312K, committed 11392K, reserved 1048576K
}
Event: 38280.986 GC heap before
{Heap before GC invocations=33 (full 3):
 PSYoungGen      total 294912K, used 294832K [0x000000076b100000, 0x000000077f280000, 0x00000007c0000000)
  eden space 275968K, 100% used [0x000000076b100000,0x000000077be80000,0x000000077be80000)
  from space 18944K, 99% used [0x000000077d000000,0x000000077e26c150,0x000000077e280000)
  to   space 16384K, 0% used [0x000000077e280000,0x000000077e280000,0x000000077f280000)
 ParOldGen       total 239616K, used 51777K [0x00000006c1200000, 0x00000006cfc00000, 0x000000076b100000)
  object space 239616K, 21% used [0x00000006c1200000,0x00000006c4490598,0x00000006cfc00000)
 Metaspace       used 79324K, capacity 83440K, committed 83544K, reserved 1122304K
  class space    used 10571K, capacity 11312K, committed 11392K, reserved 1048576K
Event: 38281.076 GC heap after
Heap after GC invocations=33 (full 3):
 PSYoungGen      total 279040K, used 10624K [0x000000076b100000, 0x000000077ed00000, 0x00000007c0000000)
  eden space 268288K, 0% used [0x000000076b100000,0x000000076b100000,0x000000077b700000)
  from space 10752K, 98% used [0x000000077e280000,0x000000077ece00e0,0x000000077ed00000)
  to   space 26624K, 0% used [0x000000077b900000,0x000000077b900000,0x000000077d300000)
 ParOldGen       total 239616K, used 59993K [0x00000006c1200000, 0x00000006cfc00000, 0x000000076b100000)
  object space 239616K, 25% used [0x00000006c1200000,0x00000006c4c96708,0x00000006cfc00000)
 Metaspace       used 79324K, capacity 83440K, committed 83544K, reserved 1122304K
  class space    used 10571K, capacity 11312K, committed 11392K, reserved 1048576K
}
Event: 40933.326 GC heap before
{Heap before GC invocations=34 (full 3):
 PSYoungGen      total 279040K, used 278912K [0x000000076b100000, 0x000000077ed00000, 0x00000007c0000000)
  eden space 268288K, 100% used [0x000000076b100000,0x000000077b700000,0x000000077b700000)
  from space 10752K, 98% used [0x000000077e280000,0x000000077ece00e0,0x000000077ed00000)
  to   space 26624K, 0% used [0x000000077b900000,0x000000077b900000,0x000000077d300000)
 ParOldGen       total 239616K, used 59993K [0x00000006c1200000, 0x00000006cfc00000, 0x000000076b100000)
  object space 239616K, 25% used [0x00000006c1200000,0x00000006c4c96708,0x00000006cfc00000)
 Metaspace       used 79327K, capacity 83440K, committed 83544K, reserved 1122304K
  class space    used 10571K, capacity 11312K, committed 11392K, reserved 1048576K
Event: 40933.453 GC heap after
Heap after GC invocations=34 (full 3):
 PSYoungGen      total 266240K, used 5584K [0x000000076b100000, 0x000000077e680000, 0x00000007c0000000)
  eden space 260608K, 0% used [0x000000076b100000,0x000000076b100000,0x000000077af80000)
  from space 5632K, 99% used [0x000000077b900000,0x000000077be74040,0x000000077be80000)
  to   space 28160K, 0% used [0x000000077cb00000,0x000000077cb00000,0x000000077e680000)
 ParOldGen       total 239616K, used 65006K [0x00000006c1200000, 0x00000006cfc00000, 0x000000076b100000)
  object space 239616K, 27% used [0x00000006c1200000,0x00000006c517b968,0x00000006cfc00000)
 Metaspace       used 79327K, capacity 83440K, committed 83544K, reserved 1122304K
  class space    used 10571K, capacity 11312K, committed 11392K, reserved 1048576K
}
Event: 42687.843 GC heap before
{Heap before GC invocations=35 (full 3):
 PSYoungGen      total 266240K, used 266192K [0x000000076b100000, 0x000000077e680000, 0x00000007c0000000)
  eden space 260608K, 100% used [0x000000076b100000,0x000000077af80000,0x000000077af80000)
  from space 5632K, 99% used [0x000000077b900000,0x000000077be74040,0x000000077be80000)
  to   space 28160K, 0% used [0x000000077cb00000,0x000000077cb00000,0x000000077e680000)
 ParOldGen       total 239616K, used 65006K [0x00000006c1200000, 0x00000006cfc00000, 0x000000076b100000)
  object space 239616K, 27% used [0x00000006c1200000,0x00000006c517b968,0x00000006cfc00000)
 Metaspace       used 79400K, capacity 83504K, committed 83800K, reserved 1122304K
  class space    used 10571K, capacity 11312K, committed 11392K, reserved 1048576K
Event: 42687.885 GC heap after
Heap after GC invocations=35 (full 3):
 PSYoungGen      total 276480K, used 2192K [0x000000076b100000, 0x000000077e180000, 0x00000007c0000000)
  eden space 253440K, 0% used [0x000000076b100000,0x000000076b100000,0x000000077a880000)
  from space 23040K, 9% used [0x000000077cb00000,0x000000077cd24010,0x000000077e180000)
  to   space 29184K, 0% used [0x000000077a880000,0x000000077a880000,0x000000077c500000)
 ParOldGen       total 239616K, used 68606K [0x00000006c1200000, 0x00000006cfc00000, 0x000000076b100000)
  object space 239616K, 28% used [0x00000006c1200000,0x00000006c54ff9b8,0x00000006cfc00000)
 Metaspace       used 79400K, capacity 83504K, committed 83800K, reserved 1122304K
  class space    used 10571K, capacity 11312K, committed 11392K, reserved 1048576K
}

