# JRE version: Java(TM) SE Runtime Environment (8.0_91-b14) (build 1.8.0_91-b14)
# Java VM: Java HotSpot(TM) Client VM (25.91-b14 mixed mode windows-x86 )
Heap:
 def new generation   total 50240K, used 37305K [0x04a00000, 0x08080000, 0x09f50000)
  eden space 44672K,  80% used [0x04a00000, 0x06cf5b90, 0x075a0000)
  from space 5568K,  27% used [0x07b10000, 0x07c88b58, 0x08080000)
  to   space 5568K,   0% used [0x075a0000, 0x075a0000, 0x07b10000)
 tenured generation   total 111532K, used 101728K [0x09f50000, 0x10c3b000, 0x14a00000)
   the space 111532K,  91% used [0x09f50000, 0x102a8370, 0x102a8400, 0x10c3b000)
 Metaspace       used 68804K, capacity 71430K, committed 71552K, reserved 72064K
GC Heap History (10 events):
Event: 4497.447 GC heap before
{Heap before GC invocations=282 (full 7):
 def new generation   total 50240K, used 47080K [0x04a00000, 0x08080000, 0x09f50000)
  eden space 44672K,  99% used [0x04a00000, 0x0759fb10, 0x075a0000)
  from space 5568K,  43% used [0x075a0000, 0x077fa728, 0x07b10000)
  to   space 5568K,   0% used [0x07b10000, 0x07b10000, 0x08080000)
 tenured generation   total 111532K, used 98205K [0x09f50000, 0x10c3b000, 0x14a00000)
   the space 111532K,  88% used [0x09f50000, 0x0ff37400, 0x0ff37400, 0x10c3b000)
 Metaspace       used 68542K, capacity 71150K, committed 71168K, reserved 72064K
Event: 4497.459 GC heap after
Heap after GC invocations=283 (full 7):
 def new generation   total 50240K, used 2405K [0x04a00000, 0x08080000, 0x09f50000)
  eden space 44672K,   0% used [0x04a00000, 0x04a00000, 0x075a0000)
  from space 5568K,  43% used [0x07b10000, 0x07d69660, 0x08080000)
  to   space 5568K,   0% used [0x075a0000, 0x075a0000, 0x07b10000)
 tenured generation   total 111532K, used 98226K [0x09f50000, 0x10c3b000, 0x14a00000)
   the space 111532K,  88% used [0x09f50000, 0x0ff3ca48, 0x0ff3cc00, 0x10c3b000)
 Metaspace       used 68542K, capacity 71150K, committed 71168K, reserved 72064K
}
Event: 4618.192 GC heap before
{Heap before GC invocations=283 (full 7):
 def new generation   total 50240K, used 47077K [0x04a00000, 0x08080000, 0x09f50000)
  eden space 44672K, 100% used [0x04a00000, 0x075a0000, 0x075a0000)
  from space 5568K,  43% used [0x07b10000, 0x07d69660, 0x08080000)
  to   space 5568K,   0% used [0x075a0000, 0x075a0000, 0x07b10000)
 tenured generation   total 111532K, used 98226K [0x09f50000, 0x10c3b000, 0x14a00000)
   the space 111532K,  88% used [0x09f50000, 0x0ff3ca48, 0x0ff3cc00, 0x10c3b000)
 Metaspace       used 68635K, capacity 71264K, committed 71296K, reserved 72064K
Event: 4618.205 GC heap after
Heap after GC invocations=284 (full 7):
 def new generation   total 50240K, used 3901K [0x04a00000, 0x08080000, 0x09f50000)
  eden space 44672K,   0% used [0x04a00000, 0x04a00000, 0x075a0000)
  from space 5568K,  70% used [0x075a0000, 0x0796f788, 0x07b10000)
  to   space 5568K,   0% used [0x07b10000, 0x07b10000, 0x08080000)
 tenured generation   total 111532K, used 98229K [0x09f50000, 0x10c3b000, 0x14a00000)
   the space 111532K,  88% used [0x09f50000, 0x0ff3d438, 0x0ff3d600, 0x10c3b000)
 Metaspace       used 68635K, capacity 71264K, committed 71296K, reserved 72064K
}
Event: 5392.240 GC heap before
{Heap before GC invocations=284 (full 7):
 def new generation   total 50240K, used 48573K [0x04a00000, 0x08080000, 0x09f50000)
  eden space 44672K, 100% used [0x04a00000, 0x075a0000, 0x075a0000)
  from space 5568K,  70% used [0x075a0000, 0x0796f788, 0x07b10000)
  to   space 5568K,   0% used [0x07b10000, 0x07b10000, 0x08080000)
 tenured generation   total 111532K, used 98229K [0x09f50000, 0x10c3b000, 0x14a00000)
   the space 111532K,  88% used [0x09f50000, 0x0ff3d438, 0x0ff3d600, 0x10c3b000)
 Metaspace       used 68731K, capacity 71368K, committed 71424K, reserved 72064K
Event: 5392.264 GC heap after
Heap after GC invocations=285 (full 7):
 def new generation   total 50240K, used 3774K [0x04a00000, 0x08080000, 0x09f50000)
  eden space 44672K,   0% used [0x04a00000, 0x04a00000, 0x075a0000)
  from space 5568K,  67% used [0x07b10000, 0x07ebfb98, 0x08080000)
  to   space 5568K,   0% used [0x075a0000, 0x075a0000, 0x07b10000)
 tenured generation   total 111532K, used 100792K [0x09f50000, 0x10c3b000, 0x14a00000)
   the space 111532K,  90% used [0x09f50000, 0x101be258, 0x101be400, 0x10c3b000)
 Metaspace       used 68731K, capacity 71368K, committed 71424K, reserved 72064K
}
Event: 5414.340 GC heap before
{Heap before GC invocations=285 (full 7):
 def new generation   total 50240K, used 48446K [0x04a00000, 0x08080000, 0x09f50000)
  eden space 44672K, 100% used [0x04a00000, 0x075a0000, 0x075a0000)
  from space 5568K,  67% used [0x07b10000, 0x07ebfb98, 0x08080000)
  to   space 5568K,   0% used [0x075a0000, 0x075a0000, 0x07b10000)
 tenured generation   total 111532K, used 100792K [0x09f50000, 0x10c3b000, 0x14a00000)
   the space 111532K,  90% used [0x09f50000, 0x101be258, 0x101be400, 0x10c3b000)
 Metaspace       used 68739K, capacity 71385K, committed 71424K, reserved 72064K
Event: 5414.351 GC heap after
Heap after GC invocations=286 (full 7):
 def new generation   total 50240K, used 2049K [0x04a00000, 0x08080000, 0x09f50000)
  eden space 44672K,   0% used [0x04a00000, 0x04a00000, 0x075a0000)
  from space 5568K,  36% used [0x075a0000, 0x077a06e0, 0x07b10000)
  to   space 5568K,   0% used [0x07b10000, 0x07b10000, 0x08080000)
 tenured generation   total 111532K, used 101728K [0x09f50000, 0x10c3b000, 0x14a00000)
   the space 111532K,  91% used [0x09f50000, 0x102a8370, 0x102a8400, 0x10c3b000)
 Metaspace       used 68739K, capacity 71385K, committed 71424K, reserved 72064K
}
Event: 5582.162 GC heap before
{Heap before GC invocations=286 (full 7):
 def new generation   total 50240K, used 46721K [0x04a00000, 0x08080000, 0x09f50000)
  eden space 44672K, 100% used [0x04a00000, 0x075a0000, 0x075a0000)
  from space 5568K,  36% used [0x075a0000, 0x077a06e0, 0x07b10000)
  to   space 5568K,   0% used [0x07b10000, 0x07b10000, 0x08080000)
 tenured generation   total 111532K, used 101728K [0x09f50000, 0x10c3b000, 0x14a00000)
   the space 111532K,  91% used [0x09f50000, 0x102a8370, 0x102a8400, 0x10c3b000)
 Metaspace       used 68739K, capacity 71385K, committed 71424K, reserved 72064K
Event: 5582.175 GC heap after
Heap after GC invocations=287 (full 7):
 def new generation   total 50240K, used 1506K [0x04a00000, 0x08080000, 0x09f50000)
  eden space 44672K,   0% used [0x04a00000, 0x04a00000, 0x075a0000)
  from space 5568K,  27% used [0x07b10000, 0x07c88b58, 0x08080000)
  to   space 5568K,   0% used [0x075a0000, 0x075a0000, 0x07b10000)
 tenured generation   total 111532K, used 101728K [0x09f50000, 0x10c3b000, 0x14a00000)
   the space 111532K,  91% used [0x09f50000, 0x102a8370, 0x102a8400, 0x10c3b000)
 Metaspace       used 68739K, capacity 71385K, committed 71424K, reserved 72064K
}

