# JRE version: Java(TM) SE Runtime Environment (8.0_152-b16) (build 1.8.0_152-b16)
# Java VM: Java HotSpot(TM) 64-Bit Server VM (25.152-b16 mixed mode windows-amd64 compressed oops)
Heap:
 PSYoungGen      total 1330176K, used 797002K [0x000000076b100000, 0x00000007bfa00000, 0x00000007c0000000)
  eden space 1275904K, 62% used [0x000000076b100000,0x000000079bac28d0,0x00000007b8f00000)
  from space 54272K, 1% used [0x00000007bc500000,0x00000007bc590000,0x00000007bfa00000)
  to   space 54784K, 0% used [0x00000007b8f00000,0x00000007b8f00000,0x00000007bc480000)
 ParOldGen       total 368128K, used 204282K [0x00000006c1200000, 0x00000006d7980000, 0x000000076b100000)
  object space 368128K, 55% used [0x00000006c1200000,0x00000006cd97ea68,0x00000006d7980000)
 Metaspace       used 28025K, capacity 28740K, committed 28848K, reserved 1075200K
  class space    used 3049K, capacity 3210K, committed 3248K, reserved 1048576K
GC Heap History (10 events):
Event: 85.643 GC heap before
{Heap before GC invocations=22 (full 2):
 PSYoungGen      total 898048K, used 836320K [0x000000076b100000, 0x00000007b7800000, 0x00000007c0000000)
  eden space 835584K, 100% used [0x000000076b100000,0x000000079e100000,0x000000079e100000)
  from space 62464K, 1% used [0x000000079e100000,0x000000079e1b8000,0x00000007a1e00000)
  to   space 62464K, 0% used [0x00000007b3b00000,0x00000007b3b00000,0x00000007b7800000)
 ParOldGen       total 368128K, used 193922K [0x00000006c1200000, 0x00000006d7980000, 0x000000076b100000)
  object space 368128K, 52% used [0x00000006c1200000,0x00000006ccf60960,0x00000006d7980000)
 Metaspace       used 27390K, capacity 28132K, committed 28336K, reserved 1075200K
  class space    used 3013K, capacity 3178K, committed 3248K, reserved 1048576K
Event: 85.654 GC heap after
Heap after GC invocations=22 (full 2):
 PSYoungGen      total 1167360K, used 1938K [0x000000076b100000, 0x00000007b6c00000, 0x00000007c0000000)
  eden space 1117184K, 0% used [0x000000076b100000,0x000000076b100000,0x00000007af400000)
  from space 50176K, 3% used [0x00000007b3b00000,0x00000007b3ce4970,0x00000007b6c00000)
  to   space 61440K, 0% used [0x00000007af400000,0x00000007af400000,0x00000007b3000000)
 ParOldGen       total 368128K, used 193922K [0x00000006c1200000, 0x00000006d7980000, 0x000000076b100000)
  object space 368128K, 52% used [0x00000006c1200000,0x00000006ccf60960,0x00000006d7980000)
 Metaspace       used 27390K, capacity 28132K, committed 28336K, reserved 1075200K
  class space    used 3013K, capacity 3178K, committed 3248K, reserved 1048576K
}
Event: 87.754 GC heap before
{Heap before GC invocations=23 (full 2):
 PSYoungGen      total 1167360K, used 1119122K [0x000000076b100000, 0x00000007b6c00000, 0x00000007c0000000)
  eden space 1117184K, 100% used [0x000000076b100000,0x00000007af400000,0x00000007af400000)
  from space 50176K, 3% used [0x00000007b3b00000,0x00000007b3ce4970,0x00000007b6c00000)
  to   space 61440K, 0% used [0x00000007af400000,0x00000007af400000,0x00000007b3000000)
 ParOldGen       total 368128K, used 193922K [0x00000006c1200000, 0x00000006d7980000, 0x000000076b100000)
  object space 368128K, 52% used [0x00000006c1200000,0x00000006ccf60960,0x00000006d7980000)
 Metaspace       used 27390K, capacity 28132K, committed 28336K, reserved 1075200K
  class space    used 3013K, capacity 3178K, committed 3248K, reserved 1048576K
Event: 87.780 GC heap after
Heap after GC invocations=23 (full 2):
 PSYoungGen      total 1178624K, used 544K [0x000000076b100000, 0x00000007c0000000, 0x00000007c0000000)
  eden space 1117184K, 0% used [0x000000076b100000,0x000000076b100000,0x00000007af400000)
  from space 61440K, 0% used [0x00000007af400000,0x00000007af488000,0x00000007b3000000)
  to   space 60416K, 0% used [0x00000007bc500000,0x00000007bc500000,0x00000007c0000000)
 ParOldGen       total 368128K, used 195516K [0x00000006c1200000, 0x00000006d7980000, 0x000000076b100000)
  object space 368128K, 53% used [0x00000006c1200000,0x00000006cd0ef2d0,0x00000006d7980000)
 Metaspace       used 27390K, capacity 28132K, committed 28336K, reserved 1075200K
  class space    used 3013K, capacity 3178K, committed 3248K, reserved 1048576K
}
Event: 89.720 GC heap before
{Heap before GC invocations=24 (full 2):
 PSYoungGen      total 1178624K, used 1117728K [0x000000076b100000, 0x00000007c0000000, 0x00000007c0000000)
  eden space 1117184K, 100% used [0x000000076b100000,0x00000007af400000,0x00000007af400000)
  from space 61440K, 0% used [0x00000007af400000,0x00000007af488000,0x00000007b3000000)
  to   space 60416K, 0% used [0x00000007bc500000,0x00000007bc500000,0x00000007c0000000)
 ParOldGen       total 368128K, used 195516K [0x00000006c1200000, 0x00000006d7980000, 0x000000076b100000)
  object space 368128K, 53% used [0x00000006c1200000,0x00000006cd0ef2d0,0x00000006d7980000)
 Metaspace       used 27390K, capacity 28132K, committed 28336K, reserved 1075200K
  class space    used 3013K, capacity 3178K, committed 3248K, reserved 1048576K
Event: 90.006 GC heap after
Heap after GC invocations=24 (full 2):
 PSYoungGen      total 1327104K, used 448K [0x000000076b100000, 0x00000007bfd00000, 0x00000007c0000000)
  eden space 1269760K, 0% used [0x000000076b100000,0x000000076b100000,0x00000007b8900000)
  from space 57344K, 0% used [0x00000007bc500000,0x00000007bc570000,0x00000007bfd00000)
  to   space 59392K, 0% used [0x00000007b8900000,0x00000007b8900000,0x00000007bc300000)
 ParOldGen       total 368128K, used 195516K [0x00000006c1200000, 0x00000006d7980000, 0x000000076b100000)
  object space 368128K, 53% used [0x00000006c1200000,0x00000006cd0ef2d0,0x00000006d7980000)
 Metaspace       used 27390K, capacity 28132K, committed 28336K, reserved 1075200K
  class space    used 3013K, capacity 3178K, committed 3248K, reserved 1048576K
}
Event: 93.576 GC heap before
{Heap before GC invocations=25 (full 2):
 PSYoungGen      total 1327104K, used 1270208K [0x000000076b100000, 0x00000007bfd00000, 0x00000007c0000000)
  eden space 1269760K, 100% used [0x000000076b100000,0x00000007b8900000,0x00000007b8900000)
  from space 57344K, 0% used [0x00000007bc500000,0x00000007bc570000,0x00000007bfd00000)
  to   space 59392K, 0% used [0x00000007b8900000,0x00000007b8900000,0x00000007bc300000)
 ParOldGen       total 368128K, used 195516K [0x00000006c1200000, 0x00000006d7980000, 0x000000076b100000)
  object space 368128K, 53% used [0x00000006c1200000,0x00000006cd0ef2d0,0x00000006d7980000)
 Metaspace       used 27391K, capacity 28132K, committed 28336K, reserved 1075200K
  class space    used 3013K, capacity 3178K, committed 3248K, reserved 1048576K
Event: 93.624 GC heap after
Heap after GC invocations=25 (full 2):
 PSYoungGen      total 1329152K, used 9002K [0x000000076b100000, 0x00000007bfc00000, 0x00000007c0000000)
  eden space 1269760K, 0% used [0x000000076b100000,0x000000076b100000,0x00000007b8900000)
  from space 59392K, 15% used [0x00000007b8900000,0x00000007b91ca800,0x00000007bc300000)
  to   space 56320K, 0% used [0x00000007bc500000,0x00000007bc500000,0x00000007bfc00000)
 ParOldGen       total 368128K, used 195516K [0x00000006c1200000, 0x00000006d7980000, 0x000000076b100000)
  object space 368128K, 53% used [0x00000006c1200000,0x00000006cd0ef2d0,0x00000006d7980000)
 Metaspace       used 27391K, capacity 28132K, committed 28336K, reserved 1075200K
  class space    used 3013K, capacity 3178K, committed 3248K, reserved 1048576K
}
Event: 94.439 GC heap before
{Heap before GC invocations=26 (full 2):
 PSYoungGen      total 1329152K, used 1278762K [0x000000076b100000, 0x00000007bfc00000, 0x00000007c0000000)
  eden space 1269760K, 100% used [0x000000076b100000,0x00000007b8900000,0x00000007b8900000)
  from space 59392K, 15% used [0x00000007b8900000,0x00000007b91ca800,0x00000007bc300000)
  to   space 56320K, 0% used [0x00000007bc500000,0x00000007bc500000,0x00000007bfc00000)
 ParOldGen       total 368128K, used 195516K [0x00000006c1200000, 0x00000006d7980000, 0x000000076b100000)
  object space 368128K, 53% used [0x00000006c1200000,0x00000006cd0ef2d0,0x00000006d7980000)
 Metaspace       used 27391K, capacity 28132K, committed 28336K, reserved 1075200K
  class space    used 3013K, capacity 3178K, committed 3248K, reserved 1048576K
Event: 94.452 GC heap after
Heap after GC invocations=26 (full 2):
 PSYoungGen      total 1330176K, used 576K [0x000000076b100000, 0x00000007bfa00000, 0x00000007c0000000)
  eden space 1275904K, 0% used [0x000000076b100000,0x000000076b100000,0x00000007b8f00000)
  from space 54272K, 1% used [0x00000007bc500000,0x00000007bc590000,0x00000007bfa00000)
  to   space 54784K, 0% used [0x00000007b8f00000,0x00000007b8f00000,0x00000007bc480000)
 ParOldGen       total 368128K, used 204282K [0x00000006c1200000, 0x00000006d7980000, 0x000000076b100000)
  object space 368128K, 55% used [0x00000006c1200000,0x00000006cd97ea68,0x00000006d7980000)
 Metaspace       used 27391K, capacity 28132K, committed 28336K, reserved 1075200K
  class space    used 3013K, capacity 3178K, committed 3248K, reserved 1048576K
}

